<?xml version="1.0" encoding="UTF-8"?>
<!-- Generated by org.testng.reporters.JUnitReportReporter -->
<testsuite hostname="DESKTOP-OJULOH6" failures="1" tests="2" name="cucumberOption.testNGTestRunner" time="67.887" errors="0" timestamp="2024-11-11T10:44:02 IST" skipped="0">
  <testcase classname="cucumberOption.testNGTestRunner" name="runScenario" time="23.127">
    <failure message="expected [true] but found [false]" type="java.lang.AssertionError">
      <![CDATA[java.lang.AssertionError: expected [true] but found [false]
at org.testng.Assert.fail(Assert.java:111)
at org.testng.Assert.failNotEquals(Assert.java:1578)
at org.testng.Assert.assertTrue(Assert.java:57)
at org.testng.Assert.assertTrue(Assert.java:67)
at stepDefinition.eCommerceHomePageStepDefinition.search_for_product(eCommerceHomePageStepDefinition.java:39)
at âœ½.search for product mobile(file:///C:/Users/HP/eclipse-workspace/Kamjritztex_Assment/src/test/java/feature/UserLogin.feature:6)
]]>
    </failure>
  </testcase> <!-- runScenario -->
  <testcase classname="cucumberOption.testNGTestRunner" name="runScenario" time="44.760"/>
</testsuite> <!-- cucumberOption.testNGTestRunner -->
